<?xml version="1.0" encoding="UTF-8"?>
<!-- Generated by org.testng.reporters.JUnitXMLReporter -->
<testsuite hostname="IDP-LAP-145" ignored="0" name="Regression" tests="9" failures="2" timestamp="02 Apr 2021 11:28:29 GMT" time="64.347" errors="0">
  <testcase name="verifyHomePageTitle" time="0.028" classname="com.qa.whatuni.testScript.RegistrationTest"/>
  <testcase name="verifyHomePage" time="0.076" classname="com.qa.whatuni.testScript.CategorySearchTest"/>
  <testcase name="openSignUpWindow" time="0.92" classname="com.qa.whatuni.testScript.RegistrationTest"/>
  <testcase name="categorySearchTest" time="6.563" classname="com.qa.whatuni.testScript.CategorySearchTest"/>
  <testcase name="verifyCategorySearch" time="2.064" classname="com.qa.whatuni.testScript.CategorySearchTest"/>
  <testcase name="signUpTestWithNoData" time="1.035" classname="com.qa.whatuni.testScript.RegistrationTest"/>
  <testcase name="singUpTestWithValidData" time="3.452" classname="com.qa.whatuni.testScript.RegistrationTest">
    <failure type="java.lang.AssertionError" message="Email id exist, Try with different email">
      <![CDATA[java.lang.AssertionError: Email id exist, Try with different email
	at org.testng.Assert.fail(Assert.java:94)
	at com.qa.whatuni.page.RegistrationPage.signUpWithValidData(RegistrationPage.java:120)
	at com.qa.whatuni.testScript.RegistrationTest.singUpTestWithValidData(RegistrationTest.java:72)
	at sun.reflect.NativeMethodAccessorImpl.invoke0(Native Method)
	at sun.reflect.NativeMethodAccessorImpl.invoke(Unknown Source)
	at sun.reflect.DelegatingMethodAccessorImpl.invoke(Unknown Source)
	at java.lang.reflect.Method.invoke(Unknown Source)
	at org.testng.internal.MethodInvocationHelper.invokeMethod(MethodInvocationHelper.java:104)
	at org.testng.internal.Invoker.invokeMethod(Invoker.java:645)
	at org.testng.internal.Invoker.invokeTestMethod(Invoker.java:851)
	at org.testng.internal.Invoker.invokeTestMethods(Invoker.java:1177)
	at org.testng.internal.TestMethodWorker.invokeTestMethods(TestMethodWorker.java:129)
	at org.testng.internal.TestMethodWorker.run(TestMethodWorker.java:112)
	at org.testng.TestRunner.privateRun(TestRunner.java:756)
	at org.testng.TestRunner.run(TestRunner.java:610)
	at org.testng.SuiteRunner.runTest(SuiteRunner.java:387)
	at org.testng.SuiteRunner.runSequentially(SuiteRunner.java:382)
	at org.testng.SuiteRunner.privateRun(SuiteRunner.java:340)
	at org.testng.SuiteRunner.run(SuiteRunner.java:289)
	at org.testng.SuiteRunnerWorker.runSuite(SuiteRunnerWorker.java:52)
	at org.testng.SuiteRunnerWorker.run(SuiteRunnerWorker.java:86)
	at org.testng.TestNG.runSuitesSequentially(TestNG.java:1293)
	at org.testng.TestNG.runSuitesLocally(TestNG.java:1218)
	at org.testng.TestNG.runSuites(TestNG.java:1133)
	at org.testng.TestNG.run(TestNG.java:1104)
	at org.testng.remote.AbstractRemoteTestNG.run(AbstractRemoteTestNG.java:114)
	at org.testng.remote.RemoteTestNG.initAndRun(RemoteTestNG.java:251)
	at org.testng.remote.RemoteTestNG.main(RemoteTestNG.java:77)
]]>
    </failure>
  </testcase> <!-- singUpTestWithValidData -->
  <testcase name="VerifySigUpTest" time="22.104" classname="com.qa.whatuni.testScript.RegistrationTest">
    <failure type="java.lang.NullPointerException">
      <![CDATA[java.lang.NullPointerException
	at com.qa.whatuni.util.ElementUtils.getAttributeValue(ElementUtils.java:88)
	at com.qa.whatuni.page.RegistrationPage.verifyLoggedInUser(RegistrationPage.java:146)
	at com.qa.whatuni.testScript.RegistrationTest.VerifySigUpTest(RegistrationTest.java:78)
	at sun.reflect.NativeMethodAccessorImpl.invoke0(Native Method)
	at sun.reflect.NativeMethodAccessorImpl.invoke(Unknown Source)
	at sun.reflect.DelegatingMethodAccessorImpl.invoke(Unknown Source)
	at java.lang.reflect.Method.invoke(Unknown Source)
	at org.testng.internal.MethodInvocationHelper.invokeMethod(MethodInvocationHelper.java:104)
	at org.testng.internal.Invoker.invokeMethod(Invoker.java:645)
	at org.testng.internal.Invoker.invokeTestMethod(Invoker.java:851)
	at org.testng.internal.Invoker.invokeTestMethods(Invoker.java:1177)
	at org.testng.internal.TestMethodWorker.invokeTestMethods(TestMethodWorker.java:129)
	at org.testng.internal.TestMethodWorker.run(TestMethodWorker.java:112)
	at org.testng.TestRunner.privateRun(TestRunner.java:756)
	at org.testng.TestRunner.run(TestRunner.java:610)
	at org.testng.SuiteRunner.runTest(SuiteRunner.java:387)
	at org.testng.SuiteRunner.runSequentially(SuiteRunner.java:382)
	at org.testng.SuiteRunner.privateRun(SuiteRunner.java:340)
	at org.testng.SuiteRunner.run(SuiteRunner.java:289)
	at org.testng.SuiteRunnerWorker.runSuite(SuiteRunnerWorker.java:52)
	at org.testng.SuiteRunnerWorker.run(SuiteRunnerWorker.java:86)
	at org.testng.TestNG.runSuitesSequentially(TestNG.java:1293)
	at org.testng.TestNG.runSuitesLocally(TestNG.java:1218)
	at org.testng.TestNG.runSuites(TestNG.java:1133)
	at org.testng.TestNG.run(TestNG.java:1104)
	at org.testng.remote.AbstractRemoteTestNG.run(AbstractRemoteTestNG.java:114)
	at org.testng.remote.RemoteTestNG.initAndRun(RemoteTestNG.java:251)
	at org.testng.remote.RemoteTestNG.main(RemoteTestNG.java:77)
]]>
    </failure>
  </testcase> <!-- VerifySigUpTest -->
  <testcase name="VerifySignIn" time="0.0" classname="com.qa.whatuni.testScript.RegistrationTest">
    <skipped/>
  </testcase> <!-- VerifySignIn -->
</testsuite> <!-- Regression -->
